# Point data
# Columns:
# 1 - X
# 2 - Y
# 3 - Z / m
# 4 - T / degC
# Created: 2022-02-02 12:23:43
# Input: V2T.inp
# Newton threshold: 0.100000
# z-factor: 1.000000
# Vs-factor: 1.000000
# Pressure calculation method: AK135
0.00	0.00	400000.00	1668.2
10.00	10.00	400000.00	1662.4
20.00	20.00	400000.00	1664.7
30.00	30.00	400000.00	1660.4
40.00	40.00	400000.00	1653.5
50.00	50.00	400000.00	1658.8
60.00	60.00	400000.00	1653.6
70.00	70.00	400000.00	1652.6
80.00	80.00	400000.00	1652.0
90.00	90.00	400000.00	1651.0
100.00	100.00	400000.00	1651.0
110.00	110.00	400000.00	1647.6
120.00	120.00	400000.00	1644.1
130.00	130.00	400000.00	1648.1
140.00	140.00	400000.00	1642.2
150.00	150.00	400000.00	1641.7
160.00	160.00	400000.00	1626.9
170.00	170.00	400000.00	1617.0
180.00	180.00	400000.00	1600.4
190.00	190.00	400000.00	1550.0
0.00	0.00	390000.00	1662.7
10.00	10.00	390000.00	1658.5
20.00	20.00	390000.00	1661.7
30.00	30.00	390000.00	1658.7
40.00	40.00	390000.00	1652.7
50.00	50.00	390000.00	1652.7
60.00	60.00	390000.00	1647.9
70.00	70.00	390000.00	1647.9
80.00	80.00	390000.00	1650.8
90.00	90.00	390000.00	1651.5
100.00	100.00	390000.00	1652.3
110.00	110.00	390000.00	1651.6
120.00	120.00	390000.00	1650.8
130.00	130.00	390000.00	1649.7
140.00	140.00	390000.00	1653.5
150.00	150.00	390000.00	1648.4
160.00	160.00	390000.00	1644.4
170.00	170.00	390000.00	1636.1
180.00	180.00	390000.00	1627.9
190.00	190.00	390000.00	1622.5
0.00	0.00	380000.00	1655.2
10.00	10.00	380000.00	1651.0
20.00	20.00	380000.00	1654.2
30.00	30.00	380000.00	1649.9
40.00	40.00	380000.00	1643.2
50.00	50.00	380000.00	1641.6
60.00	60.00	380000.00	1634.7
70.00	70.00	380000.00	1633.6
80.00	80.00	380000.00	1637.2
90.00	90.00	380000.00	1637.7
100.00	100.00	380000.00	1638.4
110.00	110.00	380000.00	1637.4
120.00	120.00	380000.00	1636.4
130.00	130.00	380000.00	1634.3
140.00	140.00	380000.00	1638.7
150.00	150.00	380000.00	1634.0
160.00	160.00	380000.00	1630.3
170.00	170.00	380000.00	1621.9
180.00	180.00	380000.00	1613.8
190.00	190.00	380000.00	1608.9
0.00	0.00	370000.00	1641.9
10.00	10.00	370000.00	1638.0
20.00	20.00	370000.00	1640.9
30.00	30.00	370000.00	1636.4
40.00	40.00	370000.00	1629.3
50.00	50.00	370000.00	1627.7
60.00	60.00	370000.00	1619.6
70.00	70.00	370000.00	1617.4
80.00	80.00	370000.00	1621.1
90.00	90.00	370000.00	1621.6
100.00	100.00	370000.00	1622.3
110.00	110.00	370000.00	1621.2
120.00	120.00	370000.00	1620.3
130.00	130.00	370000.00	1618.1
140.00	140.00	370000.00	1623.3
150.00	150.00	370000.00	1618.7
160.00	160.00	370000.00	1615.5
170.00	170.00	370000.00	1607.0
180.00	180.00	370000.00	1598.9
190.00	190.00	370000.00	1594.2
0.00	0.00	360000.00	1628.6
10.00	10.00	360000.00	1624.9
20.00	20.00	360000.00	1627.6
30.00	30.00	360000.00	1622.8
40.00	40.00	360000.00	1615.4
50.00	50.00	360000.00	1613.6
60.00	60.00	360000.00	1605.0
70.00	70.00	360000.00	1602.2
80.00	80.00	360000.00	1606.0
90.00	90.00	360000.00	1606.7
100.00	100.00	360000.00	1607.3
110.00	110.00	360000.00	1606.2
120.00	120.00	360000.00	1605.6
130.00	130.00	360000.00	1603.5
140.00	140.00	360000.00	1609.4
150.00	150.00	360000.00	1605.2
160.00	160.00	360000.00	1602.5
170.00	170.00	360000.00	1594.2
180.00	180.00	360000.00	1586.5
190.00	190.00	360000.00	1582.5
0.00	0.00	350000.00	1610.4
10.00	10.00	350000.00	1606.2
20.00	20.00	350000.00	1609.0
30.00	30.00	350000.00	1606.0
40.00	40.00	350000.00	1600.4
50.00	50.00	350000.00	1596.9
60.00	60.00	350000.00	1587.7
70.00	70.00	350000.00	1583.7
80.00	80.00	350000.00	1586.0
90.00	90.00	350000.00	1588.8
100.00	100.00	350000.00	1588.9
110.00	110.00	350000.00	1588.3
120.00	120.00	350000.00	1588.8
130.00	130.00	350000.00	1587.7
140.00	140.00	350000.00	1595.2
150.00	150.00	350000.00	1591.3
160.00	160.00	350000.00	1589.2
170.00	170.00	350000.00	1581.1
180.00	180.00	350000.00	1573.7
190.00	190.00	350000.00	1570.4
0.00	0.00	340000.00	1601.8
10.00	10.00	340000.00	1598.4
20.00	20.00	340000.00	1600.8
30.00	30.00	340000.00	1596.9
40.00	40.00	340000.00	1589.9
50.00	50.00	340000.00	1586.4
60.00	60.00	340000.00	1576.7
70.00	70.00	340000.00	1572.7
80.00	80.00	340000.00	1576.4
90.00	90.00	340000.00	1577.5
100.00	100.00	340000.00	1577.7
110.00	110.00	340000.00	1576.6
120.00	120.00	340000.00	1576.1
130.00	130.00	340000.00	1574.1
140.00	140.00	340000.00	1581.8
150.00	150.00	340000.00	1578.0
160.00	160.00	340000.00	1576.5
170.00	170.00	340000.00	1568.5
180.00	180.00	340000.00	1561.3
190.00	190.00	340000.00	1558.3
0.00	0.00	330000.00	1593.8
10.00	10.00	330000.00	1590.7
20.00	20.00	330000.00	1592.6
30.00	30.00	330000.00	1588.0
40.00	40.00	330000.00	1580.6
50.00	50.00	330000.00	1576.0
60.00	60.00	330000.00	1564.7
70.00	70.00	330000.00	1560.1
80.00	80.00	330000.00	1564.1
90.00	90.00	330000.00	1565.0
100.00	100.00	330000.00	1565.0
110.00	110.00	330000.00	1563.5
120.00	120.00	330000.00	1562.9
130.00	130.00	330000.00	1560.1
140.00	140.00	330000.00	1567.7
150.00	150.00	330000.00	1563.7
160.00	160.00	330000.00	1562.4
170.00	170.00	330000.00	1554.6
180.00	180.00	330000.00	1547.5
190.00	190.00	330000.00	1545.0
0.00	0.00	320000.00	1584.4
10.00	10.00	320000.00	1581.4
20.00	20.00	320000.00	1583.0
30.00	30.00	320000.00	1578.4
40.00	40.00	320000.00	1571.1
50.00	50.00	320000.00	1565.8
60.00	60.00	320000.00	1553.4
70.00	70.00	320000.00	1548.1
80.00	80.00	320000.00	1552.2
90.00	90.00	320000.00	1552.6
100.00	100.00	320000.00	1552.4
110.00	110.00	320000.00	1550.9
120.00	120.00	320000.00	1550.1
130.00	130.00	320000.00	1547.1
140.00	140.00	320000.00	1554.7
150.00	150.00	320000.00	1550.1
160.00	160.00	320000.00	1549.1
170.00	170.00	320000.00	1541.3
180.00	180.00	320000.00	1534.5
190.00	190.00	320000.00	1532.3
0.00	0.00	310000.00	1581.9
10.00	10.00	310000.00	1579.2
20.00	20.00	310000.00	1580.5
30.00	30.00	310000.00	1576.3
40.00	40.00	310000.00	1569.8
50.00	50.00	310000.00	1564.7
60.00	60.00	310000.00	1552.9
70.00	70.00	310000.00	1548.1
80.00	80.00	310000.00	1551.9
90.00	90.00	310000.00	1552.0
100.00	100.00	310000.00	1551.8
110.00	110.00	310000.00	1550.3
120.00	120.00	310000.00	1549.5
130.00	130.00	310000.00	1546.6
140.00	140.00	310000.00	1553.0
150.00	150.00	310000.00	1548.6
160.00	160.00	310000.00	1547.6
170.00	170.00	310000.00	1540.8
180.00	180.00	310000.00	1534.8
190.00	190.00	310000.00	1533.1
0.00	0.00	300000.00	1579.4
10.00	10.00	300000.00	1577.0
20.00	20.00	300000.00	1578.0
30.00	30.00	300000.00	1574.1
40.00	40.00	300000.00	1568.1
50.00	50.00	300000.00	1563.0
60.00	60.00	300000.00	1551.2
70.00	70.00	300000.00	1546.6
80.00	80.00	300000.00	1550.1
90.00	90.00	300000.00	1550.2
100.00	100.00	300000.00	1550.0
110.00	110.00	300000.00	1548.6
120.00	120.00	300000.00	1547.9
130.00	130.00	300000.00	1545.0
140.00	140.00	300000.00	1550.4
150.00	150.00	300000.00	1546.0
160.00	160.00	300000.00	1545.0
170.00	170.00	300000.00	1538.8
180.00	180.00	300000.00	1533.5
190.00	190.00	300000.00	1531.9
0.00	0.00	290000.00	1576.2
10.00	10.00	290000.00	1574.0
20.00	20.00	290000.00	1574.4
30.00	30.00	290000.00	1570.9
40.00	40.00	290000.00	1565.2
50.00	50.00	290000.00	1559.6
60.00	60.00	290000.00	1547.5
70.00	70.00	290000.00	1542.9
80.00	80.00	290000.00	1546.1
90.00	90.00	290000.00	1547.0
100.00	100.00	290000.00	1546.7
110.00	110.00	290000.00	1545.5
120.00	120.00	290000.00	1544.9
130.00	130.00	290000.00	1542.0
140.00	140.00	290000.00	1546.5
150.00	150.00	290000.00	1542.0
160.00	160.00	290000.00	1541.0
170.00	170.00	290000.00	1535.5
180.00	180.00	290000.00	1530.6
190.00	190.00	290000.00	1529.2
0.00	0.00	280000.00	1569.6
10.00	10.00	280000.00	1567.5
20.00	20.00	280000.00	1567.8
30.00	30.00	280000.00	1564.5
40.00	40.00	280000.00	1559.2
50.00	50.00	280000.00	1553.7
60.00	60.00	280000.00	1542.3
70.00	70.00	280000.00	1538.3
80.00	80.00	280000.00	1541.2
90.00	90.00	280000.00	1542.2
100.00	100.00	280000.00	1541.8
110.00	110.00	280000.00	1540.6
120.00	120.00	280000.00	1539.9
130.00	130.00	280000.00	1537.3
140.00	140.00	280000.00	1541.4
150.00	150.00	280000.00	1537.0
160.00	160.00	280000.00	1536.0
170.00	170.00	280000.00	1530.9
180.00	180.00	280000.00	1526.3
190.00	190.00	280000.00	1524.9
0.00	0.00	270000.00	1563.6
10.00	10.00	270000.00	1561.4
20.00	20.00	270000.00	1561.5
30.00	30.00	270000.00	1558.5
40.00	40.00	270000.00	1553.5
50.00	50.00	270000.00	1548.0
60.00	60.00	270000.00	1536.5
70.00	70.00	270000.00	1532.5
80.00	80.00	270000.00	1535.1
90.00	90.00	270000.00	1536.4
100.00	100.00	270000.00	1535.8
110.00	110.00	270000.00	1534.6
120.00	120.00	270000.00	1534.0
130.00	130.00	270000.00	1531.6
140.00	140.00	270000.00	1535.2
150.00	150.00	270000.00	1530.8
160.00	160.00	270000.00	1529.8
170.00	170.00	270000.00	1525.2
180.00	180.00	270000.00	1520.8
190.00	190.00	270000.00	1519.2
0.00	0.00	260000.00	1556.6
10.00	10.00	260000.00	1554.3
20.00	20.00	260000.00	1554.1
30.00	30.00	260000.00	1551.3
40.00	40.00	260000.00	1546.3
50.00	50.00	260000.00	1540.4
60.00	60.00	260000.00	1528.9
70.00	70.00	260000.00	1525.3
80.00	80.00	260000.00	1527.5
90.00	90.00	260000.00	1529.1
100.00	100.00	260000.00	1528.3
110.00	110.00	260000.00	1527.1
120.00	120.00	260000.00	1526.7
130.00	130.00	260000.00	1524.8
140.00	140.00	260000.00	1528.5
150.00	150.00	260000.00	1524.2
160.00	160.00	260000.00	1523.4
170.00	170.00	260000.00	1519.2
180.00	180.00	260000.00	1514.8
190.00	190.00	260000.00	1513.1
0.00	0.00	250000.00	1548.6
10.00	10.00	250000.00	1546.3
20.00	20.00	250000.00	1545.9
30.00	30.00	250000.00	1543.0
40.00	40.00	250000.00	1538.1
50.00	50.00	250000.00	1532.0
60.00	60.00	250000.00	1520.3
70.00	70.00	250000.00	1517.0
80.00	80.00	250000.00	1518.9
90.00	90.00	250000.00	1520.6
100.00	100.00	250000.00	1519.7
110.00	110.00	250000.00	1518.6
120.00	120.00	250000.00	1518.5
130.00	130.00	250000.00	1517.0
140.00	140.00	250000.00	1520.7
150.00	150.00	250000.00	1516.4
160.00	160.00	250000.00	1515.8
170.00	170.00	250000.00	1512.0
180.00	180.00	250000.00	1507.7
190.00	190.00	250000.00	1505.7
0.00	0.00	240000.00	1540.7
10.00	10.00	240000.00	1538.2
20.00	20.00	240000.00	1537.5
30.00	30.00	240000.00	1534.5
40.00	40.00	240000.00	1529.5
50.00	50.00	240000.00	1523.3
60.00	60.00	240000.00	1511.5
70.00	70.00	240000.00	1508.3
80.00	80.00	240000.00	1509.9
90.00	90.00	240000.00	1511.6
100.00	100.00	240000.00	1510.6
110.00	110.00	240000.00	1509.5
120.00	120.00	240000.00	1509.6
130.00	130.00	240000.00	1508.5
140.00	140.00	240000.00	1512.2
150.00	150.00	240000.00	1508.1
160.00	160.00	240000.00	1507.7
170.00	170.00	240000.00	1504.0
180.00	180.00	240000.00	1499.8
190.00	190.00	240000.00	1497.6
0.00	0.00	230000.00	1532.1
10.00	10.00	230000.00	1529.6
20.00	20.00	230000.00	1528.7
30.00	30.00	230000.00	1525.4
40.00	40.00	230000.00	1520.2
50.00	50.00	230000.00	1513.7
60.00	60.00	230000.00	1502.1
70.00	70.00	230000.00	1499.2
80.00	80.00	230000.00	1500.4
90.00	90.00	230000.00	1502.4
100.00	100.00	230000.00	1501.2
110.00	110.00	230000.00	1500.0
120.00	120.00	230000.00	1500.1
130.00	130.00	230000.00	1498.8
140.00	140.00	230000.00	1502.6
150.00	150.00	230000.00	1498.6
160.00	160.00	230000.00	1498.3
170.00	170.00	230000.00	1494.9
180.00	180.00	230000.00	1490.8
190.00	190.00	230000.00	1488.4
0.00	0.00	220000.00	1523.5
10.00	10.00	220000.00	1520.8
20.00	20.00	220000.00	1519.8
30.00	30.00	220000.00	1516.3
40.00	40.00	220000.00	1510.9
50.00	50.00	220000.00	1504.0
60.00	60.00	220000.00	1492.3
70.00	70.00	220000.00	1489.8
80.00	80.00	220000.00	1490.8
90.00	90.00	220000.00	1493.2
100.00	100.00	220000.00	1491.6
110.00	110.00	220000.00	1490.2
120.00	120.00	220000.00	1490.4
130.00	130.00	220000.00	1489.0
140.00	140.00	220000.00	1492.7
150.00	150.00	220000.00	1488.6
160.00	160.00	220000.00	1488.7
170.00	170.00	220000.00	1485.8
180.00	180.00	220000.00	1481.8
190.00	190.00	220000.00	1479.5
0.00	0.00	210000.00	1514.9
10.00	10.00	210000.00	1512.1
20.00	20.00	210000.00	1510.9
30.00	30.00	210000.00	1507.3
40.00	40.00	210000.00	1501.8
50.00	50.00	210000.00	1494.6
60.00	60.00	210000.00	1482.8
70.00	70.00	210000.00	1480.4
80.00	80.00	210000.00	1480.9
90.00	90.00	210000.00	1483.7
100.00	100.00	210000.00	1481.9
110.00	110.00	210000.00	1480.5
120.00	120.00	210000.00	1481.0
130.00	130.00	210000.00	1480.0
140.00	140.00	210000.00	1483.6
150.00	150.00	210000.00	1479.7
160.00	160.00	210000.00	1480.2
170.00	170.00	210000.00	1477.8
180.00	180.00	210000.00	1474.2
190.00	190.00	210000.00	1471.9
0.00	0.00	200000.00	1476.6
10.00	10.00	200000.00	1474.7
20.00	20.00	200000.00	1475.0
30.00	30.00	200000.00	1474.3
40.00	40.00	200000.00	1470.4
50.00	50.00	200000.00	1463.9
60.00	60.00	200000.00	1465.1
70.00	70.00	200000.00	1469.4
80.00	80.00	200000.00	1469.0
90.00	90.00	200000.00	1471.2
100.00	100.00	200000.00	1468.7
110.00	110.00	200000.00	1466.8
120.00	120.00	200000.00	1466.9
130.00	130.00	200000.00	1468.1
140.00	140.00	200000.00	1472.5
150.00	150.00	200000.00	1468.9
160.00	160.00	200000.00	1469.7
170.00	170.00	200000.00	1467.5
180.00	180.00	200000.00	1464.6
190.00	190.00	200000.00	1462.4
0.00	0.00	190000.00	1497.7
10.00	10.00	190000.00	1494.8
20.00	20.00	190000.00	1493.1
30.00	30.00	190000.00	1489.3
40.00	40.00	190000.00	1483.4
50.00	50.00	190000.00	1475.6
60.00	60.00	190000.00	1465.3
70.00	70.00	190000.00	1464.4
80.00	80.00	190000.00	1464.0
90.00	90.00	190000.00	1466.5
100.00	100.00	190000.00	1463.9
110.00	110.00	190000.00	1462.0
120.00	120.00	190000.00	1462.0
130.00	130.00	190000.00	1460.7
140.00	140.00	190000.00	1464.1
150.00	150.00	190000.00	1459.8
160.00	160.00	190000.00	1461.1
170.00	170.00	190000.00	1459.4
180.00	180.00	190000.00	1456.5
190.00	190.00	190000.00	1454.6
0.00	0.00	180000.00	1486.7
10.00	10.00	180000.00	1483.7
20.00	20.00	180000.00	1481.8
30.00	30.00	180000.00	1477.5
40.00	40.00	180000.00	1471.2
50.00	50.00	180000.00	1462.5
60.00	60.00	180000.00	1453.6
70.00	70.00	180000.00	1453.9
80.00	80.00	180000.00	1452.9
90.00	90.00	180000.00	1455.8
100.00	100.00	180000.00	1452.6
110.00	110.00	180000.00	1450.4
120.00	120.00	180000.00	1450.5
130.00	130.00	180000.00	1449.2
140.00	140.00	180000.00	1452.7
150.00	150.00	180000.00	1448.6
160.00	160.00	180000.00	1450.3
170.00	170.00	180000.00	1449.2
180.00	180.00	180000.00	1447.0
190.00	190.00	180000.00	1445.4
0.00	0.00	170000.00	1471.0
10.00	10.00	170000.00	1467.9
20.00	20.00	170000.00	1465.2
30.00	30.00	170000.00	1460.0
40.00	40.00	170000.00	1452.6
50.00	50.00	170000.00	1442.1
60.00	60.00	170000.00	1433.3
70.00	70.00	170000.00	1434.6
80.00	80.00	170000.00	1432.8
90.00	90.00	170000.00	1436.0
100.00	100.00	170000.00	1431.6
110.00	110.00	170000.00	1428.6
120.00	120.00	170000.00	1428.7
130.00	130.00	170000.00	1426.8
140.00	140.00	170000.00	1430.9
150.00	150.00	170000.00	1426.1
160.00	160.00	170000.00	1428.8
170.00	170.00	170000.00	1428.4
180.00	180.00	170000.00	1426.7
190.00	190.00	170000.00	1425.2
0.00	0.00	160000.00	1456.3
10.00	10.00	160000.00	1452.8
20.00	20.00	160000.00	1449.4
30.00	30.00	160000.00	1443.1
40.00	40.00	160000.00	1434.5
50.00	50.00	160000.00	1421.6
60.00	60.00	160000.00	1413.4
70.00	70.00	160000.00	1415.2
80.00	80.00	160000.00	1411.8
90.00	90.00	160000.00	1414.8
100.00	100.00	160000.00	1408.3
110.00	110.00	160000.00	1403.7
120.00	120.00	160000.00	1402.6
130.00	130.00	160000.00	1399.3
140.00	140.00	160000.00	1404.5
150.00	150.00	160000.00	1398.1
160.00	160.00	160000.00	1402.2
170.00	170.00	160000.00	1402.1
180.00	180.00	160000.00	1401.1
190.00	190.00	160000.00	1400.0
0.00	0.00	150000.00	1440.5
10.00	10.00	150000.00	1436.6
20.00	20.00	150000.00	1432.6
30.00	30.00	150000.00	1424.8
40.00	40.00	150000.00	1414.7
50.00	50.00	150000.00	1398.9
60.00	60.00	150000.00	1390.7
70.00	70.00	150000.00	1393.4
80.00	80.00	150000.00	1388.3
90.00	90.00	150000.00	1391.4
100.00	100.00	150000.00	1382.3
110.00	110.00	150000.00	1375.7
120.00	120.00	150000.00	1373.7
130.00	130.00	150000.00	1368.4
140.00	140.00	150000.00	1375.5
150.00	150.00	150000.00	1367.0
160.00	160.00	150000.00	1373.2
170.00	170.00	150000.00	1374.1
180.00	180.00	150000.00	1373.8
190.00	190.00	150000.00	1373.2
0.00	0.00	140000.00	1425.6
10.00	10.00	140000.00	1421.3
20.00	20.00	140000.00	1416.3
30.00	30.00	140000.00	1407.1
40.00	40.00	140000.00	1394.8
50.00	50.00	140000.00	1375.7
60.00	60.00	140000.00	1366.7
70.00	70.00	140000.00	1369.8
80.00	80.00	140000.00	1362.4
90.00	90.00	140000.00	1364.9
100.00	100.00	140000.00	1352.0
110.00	110.00	140000.00	1342.1
120.00	120.00	140000.00	1338.0
130.00	130.00	140000.00	1329.7
140.00	140.00	140000.00	1340.1
150.00	150.00	140000.00	1327.8
160.00	160.00	140000.00	1337.5
170.00	170.00	140000.00	1339.7
180.00	180.00	140000.00	1340.4
190.00	190.00	140000.00	1340.6
0.00	0.00	130000.00	1411.3
10.00	10.00	130000.00	1406.4
20.00	20.00	130000.00	1400.4
30.00	30.00	130000.00	1388.8
40.00	40.00	130000.00	1373.8
50.00	50.00	130000.00	1350.0
60.00	60.00	130000.00	1338.8
70.00	70.00	130000.00	1341.4
80.00	80.00	130000.00	1329.3
90.00	90.00	130000.00	1329.3
100.00	100.00	130000.00	1307.1
110.00	110.00	130000.00	1288.3
120.00	120.00	130000.00	1277.1
130.00	130.00	130000.00	1257.6
140.00	140.00	130000.00	1276.3
150.00	150.00	130000.00	1251.8
160.00	160.00	130000.00	1272.3
170.00	170.00	130000.00	1277.9
180.00	180.00	130000.00	1282.1
190.00	190.00	130000.00	1285.2
0.00	0.00	120000.00	1394.6
10.00	10.00	120000.00	1389.0
20.00	20.00	120000.00	1381.5
30.00	30.00	120000.00	1366.8
40.00	40.00	120000.00	1347.4
50.00	50.00	120000.00	1315.3
60.00	60.00	120000.00	1298.1
70.00	70.00	120000.00	1299.6
80.00	80.00	120000.00	1278.7
90.00	90.00	120000.00	1276.7
100.00	100.00	120000.00	1235.0
110.00	110.00	120000.00	1198.5
120.00	120.00	120000.00	1174.8
130.00	130.00	120000.00	1138.0
140.00	140.00	120000.00	1165.4
150.00	150.00	120000.00	1126.1
160.00	160.00	120000.00	1159.0
170.00	170.00	120000.00	1169.6
180.00	180.00	120000.00	1180.1
190.00	190.00	120000.00	1189.0
0.00	0.00	110000.00	1380.3
10.00	10.00	110000.00	1374.0
20.00	20.00	110000.00	1365.0
30.00	30.00	110000.00	1347.1
40.00	40.00	110000.00	1322.7
50.00	50.00	110000.00	1280.8
60.00	60.00	110000.00	1249.4
70.00	70.00	110000.00	1243.1
80.00	80.00	110000.00	1205.9
90.00	90.00	110000.00	1195.8
100.00	100.00	110000.00	1130.2
110.00	110.00	110000.00	1079.5
120.00	120.00	110000.00	1046.3
130.00	130.00	110000.00	994.7
140.00	140.00	110000.00	1023.1
150.00	150.00	110000.00	976.8
160.00	160.00	110000.00	1014.2
170.00	170.00	110000.00	1027.1
180.00	180.00	110000.00	1044.3
190.00	190.00	110000.00	1058.3
0.00	0.00	100000.00	1362.1
10.00	10.00	100000.00	1354.5
20.00	20.00	100000.00	1343.5
30.00	30.00	100000.00	1320.6
40.00	40.00	100000.00	1286.4
50.00	50.00	100000.00	1222.1
60.00	60.00	100000.00	1158.6
70.00	70.00	100000.00	1140.2
80.00	80.00	100000.00	1083.2
90.00	90.00	100000.00	1061.0
100.00	100.00	100000.00	984.4
110.00	110.00	100000.00	932.0
120.00	120.00	100000.00	894.1
130.00	130.00	100000.00	838.2
140.00	140.00	100000.00	863.3
150.00	150.00	100000.00	816.1
160.00	160.00	100000.00	854.0
170.00	170.00	100000.00	869.4
180.00	180.00	100000.00	888.6
190.00	190.00	100000.00	903.6
0.00	0.00	90000.00	1345.5
10.00	10.00	90000.00	1336.6
20.00	20.00	90000.00	1323.5
30.00	30.00	90000.00	1294.7
40.00	40.00	90000.00	1245.5
50.00	50.00	90000.00	1150.5
60.00	60.00	90000.00	1055.2
70.00	70.00	90000.00	1015.3
80.00	80.00	90000.00	954.3
90.00	90.00	90000.00	918.8
100.00	100.00	90000.00	841.3
110.00	110.00	90000.00	786.9
120.00	120.00	90000.00	744.5
130.00	130.00	90000.00	690.1
140.00	140.00	90000.00	714.8
150.00	150.00	90000.00	665.2
160.00	160.00	90000.00	702.7
170.00	170.00	90000.00	720.1
180.00	180.00	90000.00	737.8
190.00	190.00	90000.00	755.1
0.00	0.00	80000.00	1322.4
10.00	10.00	80000.00	1312.0
20.00	20.00	80000.00	1295.2
30.00	30.00	80000.00	1254.5
40.00	40.00	80000.00	1173.8
50.00	50.00	80000.00	1051.6
60.00	60.00	80000.00	945.4
70.00	70.00	80000.00	897.3
80.00	80.00	80000.00	839.4
90.00	90.00	80000.00	795.5
100.00	100.00	80000.00	720.7
110.00	110.00	80000.00	667.2
120.00	120.00	80000.00	624.0
130.00	130.00	80000.00	565.3
140.00	140.00	80000.00	586.8
150.00	150.00	80000.00	536.3
160.00	160.00	80000.00	572.9
170.00	170.00	80000.00	591.2
180.00	180.00	80000.00	606.6
190.00	190.00	80000.00	623.3
0.00	0.00	70000.00	1296.1
10.00	10.00	70000.00	1283.0
20.00	20.00	70000.00	1260.0
30.00	30.00	70000.00	1193.3
40.00	40.00	70000.00	1066.4
50.00	50.00	70000.00	941.8
60.00	60.00	70000.00	827.7
70.00	70.00	70000.00	768.7
80.00	80.00	70000.00	714.1
90.00	90.00	70000.00	666.3
100.00	100.00	70000.00	597.0
110.00	110.00	70000.00	546.8
120.00	120.00	70000.00	506.6
130.00	130.00	70000.00	452.6
140.00	140.00	70000.00	471.7
150.00	150.00	70000.00	421.7
160.00	160.00	70000.00	453.7
170.00	170.00	70000.00	467.4
180.00	180.00	70000.00	477.1
190.00	190.00	70000.00	494.5
0.00	0.00	60000.00	1258.1
10.00	10.00	60000.00	1238.5
20.00	20.00	60000.00	1199.9
30.00	30.00	60000.00	1079.3
40.00	40.00	60000.00	930.3
50.00	50.00	60000.00	820.7
60.00	60.00	60000.00	718.3
70.00	70.00	60000.00	666.3
80.00	80.00	60000.00	615.7
90.00	90.00	60000.00	559.4
100.00	100.00	60000.00	495.1
110.00	110.00	60000.00	446.2
120.00	120.00	60000.00	407.6
130.00	130.00	60000.00	358.1
140.00	140.00	60000.00	376.0
150.00	150.00	60000.00	324.8
160.00	160.00	60000.00	349.3
170.00	170.00	60000.00	355.1
180.00	180.00	60000.00	361.9
190.00	190.00	60000.00	380.7
0.00	0.00	50000.00	959.6
10.00	10.00	50000.00	946.6
20.00	20.00	50000.00	937.2
30.00	30.00	50000.00	902.3
40.00	40.00	50000.00	838.2
50.00	50.00	50000.00	764.7
60.00	60.00	50000.00	643.8
70.00	70.00	50000.00	576.3
80.00	80.00	50000.00	525.0
90.00	90.00	50000.00	469.2
100.00	100.00	50000.00	419.4
110.00	110.00	50000.00	380.8
120.00	120.00	50000.00	345.7
130.00	130.00	50000.00	320.6
140.00	140.00	50000.00	348.9
150.00	150.00	50000.00	319.2
160.00	160.00	50000.00	350.5
170.00	170.00	50000.00	357.0
180.00	180.00	50000.00	370.3
190.00	190.00	50000.00	386.2
0.00	0.00	40000.00	1126.4
10.00	10.00	40000.00	1060.7
20.00	20.00	40000.00	976.8
30.00	30.00	40000.00	846.2
40.00	40.00	40000.00	721.9
50.00	50.00	40000.00	666.0
60.00	60.00	40000.00	587.9
70.00	70.00	40000.00	508.5
80.00	80.00	40000.00	471.2
90.00	90.00	40000.00	404.2
100.00	100.00	40000.00	356.4
110.00	110.00	40000.00	315.4
120.00	120.00	40000.00	285.4
130.00	130.00	40000.00	246.9
140.00	140.00	40000.00	261.8
150.00	150.00	40000.00	212.6
160.00	160.00	40000.00	230.5
170.00	170.00	40000.00	229.9
180.00	180.00	40000.00	241.5
190.00	190.00	40000.00	255.8
0.00	0.00	30000.00	1135.2
10.00	10.00	30000.00	1137.2
20.00	20.00	30000.00	1075.4
30.00	30.00	30000.00	1002.0
40.00	40.00	30000.00	943.4
50.00	50.00	30000.00	1002.7
60.00	60.00	30000.00	808.0
70.00	70.00	30000.00	488.4
80.00	80.00	30000.00	463.2
90.00	90.00	30000.00	431.2
100.00	100.00	30000.00	413.2
110.00	110.00	30000.00	407.9
120.00	120.00	30000.00	414.5
130.00	130.00	30000.00	372.7
140.00	140.00	30000.00	385.8
150.00	150.00	30000.00	365.7
160.00	160.00	30000.00	428.4
170.00	170.00	30000.00	487.7
180.00	180.00	30000.00	550.3
190.00	190.00	30000.00	575.3
0.00	0.00	20000.00	1263.9
10.00	10.00	20000.00	1266.9
20.00	20.00	20000.00	1260.7
30.00	30.00	20000.00	1253.7
40.00	40.00	20000.00	1252.4
50.00	50.00	20000.00	1262.8
60.00	60.00	20000.00	1201.1
70.00	70.00	20000.00	788.1
80.00	80.00	20000.00	777.3
90.00	90.00	20000.00	690.0
100.00	100.00	20000.00	698.6
110.00	110.00	20000.00	715.2
120.00	120.00	20000.00	717.2
130.00	130.00	20000.00	566.0
140.00	140.00	20000.00	552.6
150.00	150.00	20000.00	568.4
160.00	160.00	20000.00	764.4
170.00	170.00	20000.00	1067.2
180.00	180.00	20000.00	1233.0
190.00	190.00	20000.00	1289.6
0.00	0.00	10000.00	1315.5
10.00	10.00	10000.00	1317.1
20.00	20.00	10000.00	1312.4
30.00	30.00	10000.00	1307.3
40.00	40.00	10000.00	1308.5
50.00	50.00	10000.00	1311.7
60.00	60.00	10000.00	1283.5
70.00	70.00	10000.00	1252.0
80.00	80.00	10000.00	1250.5
90.00	90.00	10000.00	1212.6
100.00	100.00	10000.00	1238.9
110.00	110.00	10000.00	1275.4
120.00	120.00	10000.00	1294.6
130.00	130.00	10000.00	1304.8
140.00	140.00	10000.00	1303.2
150.00	150.00	10000.00	1324.7
160.00	160.00	10000.00	1337.7
170.00	170.00	10000.00	1343.1
180.00	180.00	10000.00	1351.3
190.00	190.00	10000.00	1354.7
